    Finished `dev` profile [unoptimized + debuginfo] target(s) in 0.39s
     Running `target/debug/get_prices`
📅 Target range: 2024-04-15 to 2026-01-15
🚀 Fetching data for 2025-09-08...
✅ Saved 4408 quotes to data/daily_2025-09-08.json
🚀 Fetching data for 2025-09-09...
✅ Saved 4408 quotes to data/daily_2025-09-09.json
🚀 Fetching data for 2025-09-10...
✅ Saved 4409 quotes to data/daily_2025-09-10.json
🚀 Fetching data for 2025-09-11...
✅ Saved 4410 quotes to data/daily_2025-09-11.json
🚀 Fetching data for 2025-09-12...
✅ Saved 4411 quotes to data/daily_2025-09-12.json
🚀 Fetching data for 2025-09-15...
ℹ️ No data for 2025-09-15 (Market closed). Saved empty file.
🚀 Fetching data for 2025-09-16...
✅ Saved 4411 quotes to data/daily_2025-09-16.json
🚀 Fetching data for 2025-09-17...
✅ Saved 4411 quotes to data/daily_2025-09-17.json
🚀 Fetching data for 2025-09-18...
✅ Saved 4412 quotes to data/daily_2025-09-18.json
🚀 Fetching data for 2025-09-19...
✅ Saved 4409 quotes to data/daily_2025-09-19.json
🚀 Fetching data for 2025-09-22...
✅ Saved 4409 quotes to data/daily_2025-09-22.json
🚀 Fetching data for 2025-09-23...
ℹ️ No data for 2025-09-23 (Market closed). Saved empty file.
🚀 Fetching data for 2025-09-24...
✅ Saved 4408 quotes to data/daily_2025-09-24.json
🚀 Fetching data for 2025-09-25...
✅ Saved 4411 quotes to data/daily_2025-09-25.json
🚀 Fetching data for 2025-09-26...
✅ Saved 4412 quotes to data/daily_2025-09-26.json
🚀 Fetching data for 2025-09-29...
✅ Saved 4404 quotes to data/daily_2025-09-29.json
🚀 Fetching data for 2025-09-30...
✅ Saved 4403 quotes to data/daily_2025-09-30.json
🚀 Fetching data for 2025-10-01...
✅ Saved 4408 quotes to data/daily_2025-10-01.json
🚀 Fetching data for 2025-10-02...
✅ Saved 4409 quotes to data/daily_2025-10-02.json
🚀 Fetching data for 2025-10-03...
✅ Saved 4410 quotes to data/daily_2025-10-03.json
🚀 Fetching data for 2025-10-06...
✅ Saved 4411 quotes to data/daily_2025-10-06.json
🚀 Fetching data for 2025-10-07...
✅ Saved 4413 quotes to data/daily_2025-10-07.json
🚀 Fetching data for 2025-10-08...
✅ Saved 4414 quotes to data/daily_2025-10-08.json
🚀 Fetching data for 2025-10-09...
✅ Saved 4414 quotes to data/daily_2025-10-09.json
🚀 Fetching data for 2025-10-10...
✅ Saved 4414 quotes to data/daily_2025-10-10.json
🚀 Fetching data for 2025-10-13...
ℹ️ No data for 2025-10-13 (Market closed). Saved empty file.
🚀 Fetching data for 2025-10-14...
✅ Saved 4412 quotes to data/daily_2025-10-14.json
🚀 Fetching data for 2025-10-15...
✅ Saved 4413 quotes to data/daily_2025-10-15.json
🚀 Fetching data for 2025-10-16...
✅ Saved 4413 quotes to data/daily_2025-10-16.json
🚀 Fetching data for 2025-10-17...
✅ Saved 4414 quotes to data/daily_2025-10-17.json
🚀 Fetching data for 2025-10-20...
✅ Saved 4414 quotes to data/daily_2025-10-20.json
🚀 Fetching data for 2025-10-21...
✅ Saved 4415 quotes to data/daily_2025-10-21.json
🚀 Fetching data for 2025-10-22...
✅ Saved 4415 quotes to data/daily_2025-10-22.json
🚀 Fetching data for 2025-10-23...
✅ Saved 4418 quotes to data/daily_2025-10-23.json
🚀 Fetching data for 2025-10-24...
✅ Saved 4419 quotes to data/daily_2025-10-24.json
🚀 Fetching data for 2025-10-27...
✅ Saved 4419 quotes to data/daily_2025-10-27.json
🚀 Fetching data for 2025-10-28...
✅ Saved 4419 quotes to data/daily_2025-10-28.json
🚀 Fetching data for 2025-10-29...
✅ Saved 4419 quotes to data/daily_2025-10-29.json
🚀 Fetching data for 2025-10-30...
✅ Saved 4417 quotes to data/daily_2025-10-30.json
🚀 Fetching data for 2025-10-31...
✅ Saved 4417 quotes to data/daily_2025-10-31.json
🚀 Fetching data for 2025-11-03...
ℹ️ No data for 2025-11-03 (Market closed). Saved empty file.
🚀 Fetching data for 2025-11-04...
✅ Saved 4418 quotes to data/daily_2025-11-04.json
🚀 Fetching data for 2025-11-05...
✅ Saved 4418 quotes to data/daily_2025-11-05.json
🚀 Fetching data for 2025-11-06...
✅ Saved 4417 quotes to data/daily_2025-11-06.json
🚀 Fetching data for 2025-11-07...
✅ Saved 4416 quotes to data/daily_2025-11-07.json
🚀 Fetching data for 2025-11-10...
✅ Saved 4416 quotes to data/daily_2025-11-10.json
🚀 Fetching data for 2025-11-11...
✅ Saved 4416 quotes to data/daily_2025-11-11.json
🚀 Fetching data for 2025-11-12...
✅ Saved 4419 quotes to data/daily_2025-11-12.json
🚀 Fetching data for 2025-11-13...
✅ Saved 4420 quotes to data/daily_2025-11-13.json
🚀 Fetching data for 2025-11-14...
✅ Saved 4421 quotes to data/daily_2025-11-14.json
🚀 Fetching data for 2025-11-17...
✅ Saved 4418 quotes to data/daily_2025-11-17.json
🚀 Fetching data for 2025-11-18...
✅ Saved 4419 quotes to data/daily_2025-11-18.json
🚀 Fetching data for 2025-11-19...
✅ Saved 4424 quotes to data/daily_2025-11-19.json
🚀 Fetching data for 2025-11-20...
✅ Saved 4423 quotes to data/daily_2025-11-20.json
🚀 Fetching data for 2025-11-21...
✅ Saved 4425 quotes to data/daily_2025-11-21.json
🚀 Fetching data for 2025-11-24...
ℹ️ No data for 2025-11-24 (Market closed). Saved empty file.
🚀 Fetching data for 2025-11-25...
✅ Saved 4425 quotes to data/daily_2025-11-25.json
🚀 Fetching data for 2025-11-26...
✅ Saved 4428 quotes to data/daily_2025-11-26.json
🚀 Fetching data for 2025-11-27...
✅ Saved 4426 quotes to data/daily_2025-11-27.json
🚀 Fetching data for 2025-11-28...
✅ Saved 4425 quotes to data/daily_2025-11-28.json
🚀 Fetching data for 2025-12-01...
✅ Saved 4428 quotes to data/daily_2025-12-01.json
🚀 Fetching data for 2025-12-02...
✅ Saved 4427 quotes to data/daily_2025-12-02.json
🚀 Fetching data for 2025-12-03...
✅ Saved 4427 quotes to data/daily_2025-12-03.json
🚀 Fetching data for 2025-12-04...
✅ Saved 4427 quotes to data/daily_2025-12-04.json
🚀 Fetching data for 2025-12-05...
✅ Saved 4429 quotes to data/daily_2025-12-05.json
🚀 Fetching data for 2025-12-08...
✅ Saved 4428 quotes to data/daily_2025-12-08.json
🚀 Fetching data for 2025-12-09...
✅ Saved 4427 quotes to data/daily_2025-12-09.json
🚀 Fetching data for 2025-12-10...
✅ Saved 4427 quotes to data/daily_2025-12-10.json
🚀 Fetching data for 2025-12-11...
✅ Saved 4427 quotes to data/daily_2025-12-11.json
🚀 Fetching data for 2025-12-12...
✅ Saved 4427 quotes to data/daily_2025-12-12.json
🚀 Fetching data for 2025-12-15...
✅ Saved 4428 quotes to data/daily_2025-12-15.json
🚀 Fetching data for 2025-12-16...
✅ Saved 4428 quotes to data/daily_2025-12-16.json
🚀 Fetching data for 2025-12-17...
✅ Saved 4432 quotes to data/daily_2025-12-17.json
🚀 Fetching data for 2025-12-18...
✅ Saved 4434 quotes to data/daily_2025-12-18.json
🚀 Fetching data for 2025-12-19...
✅ Saved 4433 quotes to data/daily_2025-12-19.json
🚀 Fetching data for 2025-12-22...
✅ Saved 4434 quotes to data/daily_2025-12-22.json
🚀 Fetching data for 2025-12-23...
✅ Saved 4434 quotes to data/daily_2025-12-23.json
🚀 Fetching data for 2025-12-24...
✅ Saved 4437 quotes to data/daily_2025-12-24.json
🚀 Fetching data for 2025-12-25...
✅ Saved 4437 quotes to data/daily_2025-12-25.json
🚀 Fetching data for 2025-12-26...
✅ Saved 4438 quotes to data/daily_2025-12-26.json
🚀 Fetching data for 2025-12-29...
✅ Saved 4437 quotes to data/daily_2025-12-29.json
🚀 Fetching data for 2025-12-30...
✅ Saved 4437 quotes to data/daily_2025-12-30.json
🚀 Fetching data for 2025-12-31...
ℹ️ No data for 2025-12-31 (Market closed). Saved empty file.
🚀 Fetching data for 2026-01-01...
ℹ️ No data for 2026-01-01 (Market closed). Saved empty file.
🚀 Fetching data for 2026-01-02...
ℹ️ No data for 2026-01-02 (Market closed). Saved empty file.
🚀 Fetching data for 2026-01-05...
❌ Error fetching 2026-01-05: 429 Too Many Requests
🛑 Rate limit hit. Waiting for penalty to clear (305s)...
🚀 Fetching data for 2026-01-06...
✅ Saved 4436 quotes to data/daily_2026-01-06.json
🚀 Fetching data for 2026-01-07...
✅ Saved 4436 quotes to data/daily_2026-01-07.json
🚀 Fetching data for 2026-01-08...
✅ Saved 4435 quotes to data/daily_2026-01-08.json
🚀 Fetching data for 2026-01-09...
✅ Saved 4435 quotes to data/daily_2026-01-09.json
🚀 Fetching data for 2026-01-12...
ℹ️ No data for 2026-01-12 (Market closed). Saved empty file.
🚀 Fetching data for 2026-01-13...
✅ Saved 4434 quotes to data/daily_2026-01-13.json
🚀 Fetching data for 2026-01-14...
✅ Saved 4432 quotes to data/daily_2026-01-14.json
🚀 Fetching data for 2026-01-15...
✅ Saved 4432 quotes to data/daily_2026-01-15.json
🎯 All tasks completed!
